2018-04-19 13:16:00,950 - DEBUG - 【应用名称】 - Hosting shutdown
2018-04-19 13:38:50,874 - INFO  - 【应用名称】 - User profile not available. Using 'HKEY_LOCAL_MACHINE\SOFTWARE\Microsoft\ASP.NET\4.0.30319.0\AutoGenKeys\S-1-5-82-3185876732-1663450639-2734485821-1498328541-2570041999\DataProtection' as key repository and Windows DPAPI to encrypt keys at rest.
2018-04-19 13:38:50,905 - DEBUG - 【应用名称】 - Reading data from registry key 'HKEY_LOCAL_MACHINE\SOFTWARE\Microsoft\ASP.NET\4.0.30319.0\AutoGenKeys\S-1-5-82-3185876732-1663450639-2734485821-1498328541-2570041999\DataProtection', value 'key-b01cb4d5-5215-4af1-945c-a28b40b7d4aa'.
2018-04-19 13:38:50,910 - DEBUG - 【应用名称】 - Found key {b01cb4d5-5215-4af1-945c-a28b40b7d4aa}.
2018-04-19 13:38:50,924 - DEBUG - 【应用名称】 - Considering key {b01cb4d5-5215-4af1-945c-a28b40b7d4aa} with expiration date 2018-07-17 05:33:20Z as default key.
2018-04-19 13:38:50,940 - DEBUG - 【应用名称】 - Forwarded activator type request from Microsoft.AspNetCore.DataProtection.XmlEncryption.DpapiXmlDecryptor, Microsoft.AspNetCore.DataProtection, Version=2.0.2.0, Culture=neutral, PublicKeyToken=adb9793829ddae60 to Microsoft.AspNetCore.DataProtection.XmlEncryption.DpapiXmlDecryptor, Microsoft.AspNetCore.DataProtection, Culture=neutral, PublicKeyToken=adb9793829ddae60
2018-04-19 13:38:50,943 - DEBUG - 【应用名称】 - Decrypting secret element using Windows DPAPI.
2018-04-19 13:38:50,947 - DEBUG - 【应用名称】 - Forwarded activator type request from Microsoft.AspNetCore.DataProtection.AuthenticatedEncryption.ConfigurationModel.AuthenticatedEncryptorDescriptorDeserializer, Microsoft.AspNetCore.DataProtection, Version=2.0.2.0, Culture=neutral, PublicKeyToken=adb9793829ddae60 to Microsoft.AspNetCore.DataProtection.AuthenticatedEncryption.ConfigurationModel.AuthenticatedEncryptorDescriptorDeserializer, Microsoft.AspNetCore.DataProtection, Culture=neutral, PublicKeyToken=adb9793829ddae60
2018-04-19 13:38:50,953 - DEBUG - 【应用名称】 - Opening CNG algorithm 'AES' from provider '(null)' with chaining mode CBC.
2018-04-19 13:38:50,960 - DEBUG - 【应用名称】 - Opening CNG algorithm 'SHA256' from provider '(null)' with HMAC.
2018-04-19 13:38:50,971 - DEBUG - 【应用名称】 - Using key {b01cb4d5-5215-4af1-945c-a28b40b7d4aa} as the default key.
2018-04-19 13:38:50,974 - DEBUG - 【应用名称】 - Key ring with default key {b01cb4d5-5215-4af1-945c-a28b40b7d4aa} was loaded during application startup.
2018-04-19 13:38:50,986 - INFO  - 【应用名称】 - You are using the in-memory version of the persisted grant store. This will store consent decisions, authorization codes, refresh and reference tokens in memory only. If you are using any of those features in production, you want to switch to a different store implementation.
2018-04-19 13:38:51,003 - DEBUG - 【应用名称】 - Using idsrv as default scheme for authentication
2018-04-19 13:38:51,004 - DEBUG - 【应用名称】 - Using idsrv as default scheme for sign-in
2018-04-19 13:38:51,004 - DEBUG - 【应用名称】 - Using idsrv as default scheme for sign-out
2018-04-19 13:38:51,004 - DEBUG - 【应用名称】 - Using idsrv as default scheme for challenge
2018-04-19 13:38:51,004 - DEBUG - 【应用名称】 - Using idsrv as default scheme for forbid
2018-04-19 13:38:51,170 - DEBUG - 【应用名称】 - Hosting starting
2018-04-19 13:38:51,253 - DEBUG - 【应用名称】 - Hosting started
2018-04-19 13:38:51,253 - DEBUG - 【应用名称】 - Loaded hosting startup assembly Host
2018-04-19 13:38:51,254 - DEBUG - 【应用名称】 - Loaded hosting startup assembly Microsoft.AspNetCore.Server.IISIntegration
2018-04-19 13:38:51,342 - DEBUG - 【应用名称】 - Connection id "0HLD5MVAFEHGC" started.
2018-04-19 13:38:51,435 - INFO  - 【应用名称】 - Request starting HTTP/1.1 GET http://ilogin.5173.com/connect/endsession?post_logout_redirect_uri=http%3A%2F%2Flocalhost%3A5005%2Fsignout-callback-oidc&id_token_hint=eyJhbGciOiJSUzI1NiIsImtpZCI6IjE0NjNjZTU2NWQ0MjQwM2ExMzIxMTg2ZTI3YTQ5NGU1IiwidHlwIjoiSldUIn0.eyJuYmYiOjE1MjQxMTM3NTMsImV4cCI6MTUyNDExNDA1MywiaXNzIjoiaHR0cDovL2lsb2dpbi41MTczLmNvbSIsImF1ZCI6Im12Yy5pbXBsaWNpdCIsIm5vbmNlIjoiNjM2NTk3MTA1MTE2NzQ2NTM5Lk5EVTVNV1l5TlRBdE5HRm1aaTAwTVdRMExXRTJOVEF0T1dFd01qZGtNekV6TnpJMU1UQmxaV0ZpTlRVdE5XSmxOaTAwWldWakxXRTBOMkl0WWpVMU5qQTRNREZrWVRsaiIsImlhdCI6MTUyNDExMzc1Mywic2lkIjoiNTQxODRhMzVhYTdlOWViYjYwNWQyZDhhNGZhZDRmN2YiLCJzdWIiOiI5NDI2M2QwNDAwYTc2NGFjZTkzZWI2OGU4MjJmOTY4ZmUyY2JjYTg2ODkxMTJjYTM2MGI0OWUzOGIxYWMzY2FiIiwiYXV0aF90aW1lIjoxNTI0MTEzNzQ3LCJpZHAiOiJXZUNoYXRDb21wYW55IiwibmFtZSI6Ijg2YTgyN2RmYTZhOTMyMWFmODljOWI5MDNkZGMzYTYxIiwiYW1yIjpbImV4dGVybmFsIl19.kgSHTk8j5RxM7KD3HXp12bnvKS-sSrJzz8tmmR_V9gVEzpMdMfUzVBaVoLEUSHApHlZa9nisWB5z1nSXhUOb9byNWsW9WVSa07TYy8XbWe6XC7yqWdIVkbMQYGhhZrVqWH7sKbt8hNuDjxiK1pvUl10Al9ZDB0zvR8HAKPOAovjHwcqa0vF4S1cSYMBmBSatN8RcgULMHtf410GSGPyuDE1YNe7-OD9DbUX2JP7IQfp2lOJEti4f-2C_uCsTMC0CNwPYj7n-xyYkOiVt5RN_v-1wO_89qgTAhVl-wnJdK3sjehLq1uo7SzeWLnmOPcCOdx_LL1xcn2ivfJsbxWXbfg&state=CfDJ8BcxKkS1QitAtv-9Siq0PiEyOjSyPe1AKe-MX_3_xEB5g4cCbG60hSK1zI1B80FY3J52lZIgcmEasIm7fCdOyGESXS-1GYRfAPbHDUFaXHdHZqnvtz1uwz6RytszLcwA8ZjfWvIm8yXlQrzhixMMMbyObgTF2f8JRLkvyZ-oR84Q&x-client-SKU=ID_NET&x-client-ver=2.1.4.0  
2018-04-19 13:38:51,588 - INFO  - 【应用名称】 - Performing unprotect operation to key {b01cb4d5-5215-4af1-945c-a28b40b7d4aa} with purposes ('F:\netcore\IdentityServer4_20\netcore\IdentityServer4-2.1.3\src\Host\bin\Release\PublishOutput', 'Microsoft.AspNetCore.Authentication.Cookies.CookieAuthenticationMiddleware', 'idsrv', 'v2').
2018-04-19 13:38:51,600 - INFO  - 【应用名称】 - AuthenticationScheme: idsrv was successfully authenticated.
2018-04-19 13:38:51,614 - INFO  - 【应用名称】 - AuthenticationScheme: idsrv was successfully authenticated.
2018-04-19 13:38:51,616 - DEBUG - 【应用名称】 - Request path /connect/endsession matched to endpoint type Endsession
2018-04-19 13:38:51,621 - DEBUG - 【应用名称】 - Endpoint enabled: Endsession, successfully created handler: IdentityServer4.Endpoints.EndSessionEndpoint
2018-04-19 13:38:51,621 - INFO  - 【应用名称】 - Invoking IdentityServer endpoint: IdentityServer4.Endpoints.EndSessionEndpoint for /connect/endsession
2018-04-19 13:38:51,635 - DEBUG - 【应用名称】 - Processing signout request for 94263d0400a764ace93eb68e822f968fe2cbca8689112ca360b49e38b1ac3cab
2018-04-19 13:38:51,641 - DEBUG - 【应用名称】 - Start end session request validation
2018-04-19 13:38:51,647 - DEBUG - 【应用名称】 - Start identity token validation
2018-04-19 13:38:51,705 - DEBUG - 【应用名称】 - Client found: mvc.implicit / MVC Implicit
2018-04-19 13:38:51,801 - DEBUG - 【应用名称】 - IsActive called from: IdentityTokenValidation
2018-04-19 13:38:51,803 - ERROR - 【应用名称】 - User marked as not active: 94263d0400a764ace93eb68e822f968fe2cbca8689112ca360b49e38b1ac3cab
2018-04-19 13:38:51,847 - INFO  - 【应用名称】 - End session request validation failure: Error validating id token hint
{
  "SubjectId": "unknown",
  "Raw": {
    "post_logout_redirect_uri": "http://localhost:5005/signout-callback-oidc",
    "id_token_hint": "eyJhbGciOiJSUzI1NiIsImtpZCI6IjE0NjNjZTU2NWQ0MjQwM2ExMzIxMTg2ZTI3YTQ5NGU1IiwidHlwIjoiSldUIn0.eyJuYmYiOjE1MjQxMTM3NTMsImV4cCI6MTUyNDExNDA1MywiaXNzIjoiaHR0cDovL2lsb2dpbi41MTczLmNvbSIsImF1ZCI6Im12Yy5pbXBsaWNpdCIsIm5vbmNlIjoiNjM2NTk3MTA1MTE2NzQ2NTM5Lk5EVTVNV1l5TlRBdE5HRm1aaTAwTVdRMExXRTJOVEF0T1dFd01qZGtNekV6TnpJMU1UQmxaV0ZpTlRVdE5XSmxOaTAwWldWakxXRTBOMkl0WWpVMU5qQTRNREZrWVRsaiIsImlhdCI6MTUyNDExMzc1Mywic2lkIjoiNTQxODRhMzVhYTdlOWViYjYwNWQyZDhhNGZhZDRmN2YiLCJzdWIiOiI5NDI2M2QwNDAwYTc2NGFjZTkzZWI2OGU4MjJmOTY4ZmUyY2JjYTg2ODkxMTJjYTM2MGI0OWUzOGIxYWMzY2FiIiwiYXV0aF90aW1lIjoxNTI0MTEzNzQ3LCJpZHAiOiJXZUNoYXRDb21wYW55IiwibmFtZSI6Ijg2YTgyN2RmYTZhOTMyMWFmODljOWI5MDNkZGMzYTYxIiwiYW1yIjpbImV4dGVybmFsIl19.kgSHTk8j5RxM7KD3HXp12bnvKS-sSrJzz8tmmR_V9gVEzpMdMfUzVBaVoLEUSHApHlZa9nisWB5z1nSXhUOb9byNWsW9WVSa07TYy8XbWe6XC7yqWdIVkbMQYGhhZrVqWH7sKbt8hNuDjxiK1pvUl10Al9ZDB0zvR8HAKPOAovjHwcqa0vF4S1cSYMBmBSatN8RcgULMHtf410GSGPyuDE1YNe7-OD9DbUX2JP7IQfp2lOJEti4f-2C_uCsTMC0CNwPYj7n-xyYkOiVt5RN_v-1wO_89qgTAhVl-wnJdK3sjehLq1uo7SzeWLnmOPcCOdx_LL1xcn2ivfJsbxWXbfg",
    "state": "CfDJ8BcxKkS1QitAtv-9Siq0PiEyOjSyPe1AKe-MX_3_xEB5g4cCbG60hSK1zI1B80FY3J52lZIgcmEasIm7fCdOyGESXS-1GYRfAPbHDUFaXHdHZqnvtz1uwz6RytszLcwA8ZjfWvIm8yXlQrzhixMMMbyObgTF2f8JRLkvyZ-oR84Q",
    "x-client-SKU": "ID_NET",
    "x-client-ver": "2.1.4.0"
  }
}
2018-04-19 13:38:51,847 - ERROR - 【应用名称】 - Error processing end session request Invalid request
2018-04-19 13:38:51,848 - INFO  - 【应用名称】 - Invoking result: IdentityServer4.Endpoints.Results.EndSessionResult
2018-04-19 13:38:51,909 - DEBUG - 【应用名称】 - Connection id "0HLD5MVAFEHGC" completed keep alive response.
2018-04-19 13:38:51,916 - INFO  - 【应用名称】 - Request finished in 484.8617ms 302 
2018-04-19 13:38:51,922 - INFO  - 【应用名称】 - Request starting HTTP/1.1 GET http://ilogin.5173.com/account/logout  
2018-04-19 13:38:51,923 - INFO  - 【应用名称】 - Performing unprotect operation to key {b01cb4d5-5215-4af1-945c-a28b40b7d4aa} with purposes ('F:\netcore\IdentityServer4_20\netcore\IdentityServer4-2.1.3\src\Host\bin\Release\PublishOutput', 'Microsoft.AspNetCore.Authentication.Cookies.CookieAuthenticationMiddleware', 'idsrv', 'v2').
2018-04-19 13:38:51,924 - INFO  - 【应用名称】 - AuthenticationScheme: idsrv was successfully authenticated.
2018-04-19 13:38:51,924 - INFO  - 【应用名称】 - AuthenticationScheme: idsrv was successfully authenticated.
2018-04-19 13:38:51,924 - INFO  - 【应用名称】 - No endpoint entry found for request path: /account/logout
2018-04-19 13:38:51,934 - DEBUG - 【应用名称】 - The request path /account/logout does not match a supported file type
2018-04-19 13:38:52,113 - DEBUG - 【应用名称】 - Request successfully matched the route with name 'default' and template '{controller=Home}/{action=Index}/{id?}'.
2018-04-19 13:38:52,143 - DEBUG - 【应用名称】 - Action 'IdentityServer4.Quickstart.UI.AccountController.Logout (Host)' with id '24bf3547-3775-40d8-9e79-11902f4f4bf4' did not match the constraint 'Microsoft.AspNetCore.Mvc.Internal.HttpMethodActionConstraint'
2018-04-19 13:38:52,228 - DEBUG - 【应用名称】 - Executing action IdentityServer4.Quickstart.UI.AccountController.Logout (Host)
2018-04-19 13:38:52,299 - INFO  - 【应用名称】 - Executing action method IdentityServer4.Quickstart.UI.AccountController.Logout (Host) with arguments () - ModelState is Valid
2018-04-19 13:38:52,335 - INFO  - 【应用名称】 - Performing protect operation to key {b01cb4d5-5215-4af1-945c-a28b40b7d4aa} with purposes ('F:\netcore\IdentityServer4_20\netcore\IdentityServer4-2.1.3\src\Host\bin\Release\PublishOutput', 'IdentityServer4.Stores.ProtectedDataMessageStore').
2018-04-19 13:38:52,345 - DEBUG - 【应用名称】 - Executed action method IdentityServer4.Quickstart.UI.AccountController.Logout (Host), returned result Microsoft.AspNetCore.Mvc.ViewResult.
2018-04-19 13:38:52,377 - DEBUG - 【应用名称】 - View lookup cache miss for view 'Logout' in controller 'Account'.
2018-04-19 13:38:52,403 - DEBUG - 【应用名称】 - Using precompiled view for '/Views/Account/Logout.cshtml'.
2018-04-19 13:38:52,407 - DEBUG - 【应用名称】 - The view 'Logout' was found.
2018-04-19 13:38:52,408 - INFO  - 【应用名称】 - Executing ViewResult, running view at path /Views/Account/Logout.cshtml.
2018-04-19 13:38:52,537 - INFO  - 【应用名称】 - Performing protect operation to key {b01cb4d5-5215-4af1-945c-a28b40b7d4aa} with purposes ('F:\netcore\IdentityServer4_20\netcore\IdentityServer4-2.1.3\src\Host\bin\Release\PublishOutput', 'Microsoft.AspNetCore.Antiforgery.AntiforgeryToken.v1').
2018-04-19 13:38:52,537 - INFO  - 【应用名称】 - Performing protect operation to key {b01cb4d5-5215-4af1-945c-a28b40b7d4aa} with purposes ('F:\netcore\IdentityServer4_20\netcore\IdentityServer4-2.1.3\src\Host\bin\Release\PublishOutput', 'Microsoft.AspNetCore.Antiforgery.AntiforgeryToken.v1').
2018-04-19 13:38:52,551 - DEBUG - 【应用名称】 - A new antiforgery cookie token was created.
2018-04-19 13:38:52,578 - DEBUG - 【应用名称】 - View lookup cache miss for view '_Layout' in controller 'Account'.
2018-04-19 13:38:52,578 - DEBUG - 【应用名称】 - Using precompiled view for '/Views/Shared/_Layout.cshtml'.
2018-04-19 13:38:52,661 - INFO  - 【应用名称】 - Executed action IdentityServer4.Quickstart.UI.AccountController.Logout (Host) in 432.2432ms
2018-04-19 13:38:52,665 - DEBUG - 【应用名称】 - Connection id "0HLD5MVAFEHGC" completed keep alive response.
2018-04-19 13:38:52,665 - INFO  - 【应用名称】 - Request finished in 743.6373ms 200 text/html; charset=utf-8
2018-04-19 13:40:51,319 - DEBUG - 【应用名称】 - Connection id "0HLD5MVAFEHGC" reset.
2018-04-19 13:40:51,320 - DEBUG - 【应用名称】 - Connection id "0HLD5MVAFEHGC" disconnecting.
2018-04-19 13:40:51,323 - DEBUG - 【应用名称】 - Connection id "0HLD5MVAFEHGC" sending FIN.
2018-04-19 13:40:51,325 - DEBUG - 【应用名称】 - Connection id "0HLD5MVAFEHGC" stopped.
2018-04-19 13:59:50,608 - DEBUG - 【应用名称】 - Hosting shutdown
